23:37:35.080 [main]  INFO  com.intuit.karate - Karate version: 1.1.0
23:37:42.938 [main]  INFO  com.intuit.karate - Karate version: 1.1.0
23:37:43.119 [main]  DEBUG com.intuit.karate.Suite - [config] karate-config.js
23:37:44.012 [main]  INFO  c.intuit.karate.core.FeatureRuntime - hook.feature - call by tag at line 4: criarUsuario
23:37:44.777 [main]  DEBUG com.intuit.karate - request:
1 > POST https://lista-compras-api.herokuapp.com/api/v1/users
1 > Content-Type: application/json; charset=UTF-8
1 > Content-Length: 153
1 > Host: lista-compras-api.herokuapp.com
1 > Connection: Keep-Alive
1 > User-Agent: Apache-HttpClient/4.5.13 (Java/18)
1 > Accept-Encoding: gzip,deflate
{
  "name": "c285cccf-4d66-4b07-bf29-742ce1cf0974user",
  "email": "a0d7e023-47df-4c3c-9d1b-796f9b712a47@academy-airlines.com",
  "password": "1653359864115academy"
}


23:37:46.980 [main]  DEBUG com.intuit.karate - response time in milliseconds: 2200
1 < 201
1 < Server: Cowboy
1 < Connection: keep-alive
1 < X-Powered-By: Express
1 < Access-Control-Allow-Origin: *
1 < Content-Type: application/json; charset=utf-8
1 < Content-Length: 180
1 < Etag: W/"b4-i3A7gl4y0pASVTTdoL28ImrWtsI"
1 < Date: Tue, 24 May 2022 02:37:47 GMT
1 < Via: 1.1 vegur
{
  "id": "5ccb7413-4e0c-4826-8458-8976950d6cb5",
  "name": "c285cccf-4d66-4b07-bf29-742ce1cf0974user",
  "email": "a0d7e023-47df-4c3c-9d1b-796f9b712a47@academy-airlines.com",
  "is_admin": false
}

23:37:46.992 [main]  DEBUG c.intuit.karate.core.ScenarioEngine - over-writing existing variable 'payload' with new value: read("payloadUsuario.json")
23:37:47.083 [main]  DEBUG com.intuit.karate - request:
1 > POST https://lista-compras-api.herokuapp.com/api/v1/auth/login
1 > Content-Type: application/x-www-form-urlencoded
1 > Content-Length: 95
1 > Host: lista-compras-api.herokuapp.com
1 > Connection: Keep-Alive
1 > User-Agent: Apache-HttpClient/4.5.13 (Java/18)
1 > Accept-Encoding: gzip,deflate
email=a0d7e023-47df-4c3c-9d1b-796f9b712a47%40academy-airlines.com&password=1653359864115academy

23:37:48.247 [main]  DEBUG com.intuit.karate - response time in milliseconds: 1163
1 < 200
1 < Server: Cowboy
1 < Connection: keep-alive
1 < X-Powered-By: Express
1 < Access-Control-Allow-Origin: *
1 < Content-Type: application/json; charset=utf-8
1 < Content-Length: 481
1 < Etag: W/"1e1-DI8kE7DgsDXIVF6agMbrOJ2TY+I"
1 < Date: Tue, 24 May 2022 02:37:49 GMT
1 < Via: 1.1 vegur
{
  "auth": true,
  "session": {
    "token": "eyJ0eXAiOiJKV1QiLCJhbGciOiJIUzUxMiJ9.eyJpZCI6IjVjY2I3NDEzLTRlMGMtNDgyNi04NDU4LTg5NzY5NTBkNmNiNSIsImlzX2FkbWluIjpmYWxzZSwiZW1haWwiOiJhMGQ3ZTAyMy00N2RmLTRjM2MtOWQxYi03OTZmOWI3MTJhNDdAYWNhZGVteS1haXJsaW5lcy5jb20iLCJkYXRlQ3JlYXRlZCI6MTY1MzM1OTg2OTExMCwiaXNzdWVkIjoxNjUzMzU5ODY5MTEwLCJleHBpcmVzIjoxNjUzMzYwNzY5MTEwfQ.bxLti6UIYjjGZ_Z4sE9vfpAtMTt6zfqAiQfPhhc9JnznS1qFii7SLjFmL0okrtN0s2rw9hO-wWjVxpMrCnGXKQ",
    "issued": 1653359869110,
    "expires": 1653360769110
  }
}

23:37:48.288 [main]  INFO  c.intuit.karate.core.FeatureRuntime - hook.feature - call by tag at line 4: criarUsuario
23:37:48.299 [main]  DEBUG com.intuit.karate - request:
1 > POST https://lista-compras-api.herokuapp.com/api/v1/users
1 > Content-Type: application/json; charset=UTF-8
1 > Content-Length: 153
1 > Host: lista-compras-api.herokuapp.com
1 > Connection: Keep-Alive
1 > User-Agent: Apache-HttpClient/4.5.13 (Java/18)
1 > Accept-Encoding: gzip,deflate
{
  "name": "4536f0ee-20e8-4aa2-9fa0-1630516a794fuser",
  "email": "71ea0b67-a38b-41d3-ba09-b785dabce629@academy-airlines.com",
  "password": "1653359868294academy"
}


23:37:49.502 [main]  DEBUG com.intuit.karate - response time in milliseconds: 1202
1 < 201
1 < Server: Cowboy
1 < Connection: keep-alive
1 < X-Powered-By: Express
1 < Access-Control-Allow-Origin: *
1 < Content-Type: application/json; charset=utf-8
1 < Content-Length: 180
1 < Etag: W/"b4-HURtxWwLtbVkMwSoFkM4XCOZqxA"
1 < Date: Tue, 24 May 2022 02:37:50 GMT
1 < Via: 1.1 vegur
{
  "id": "5438b7b5-de6b-440b-91ec-53e74a2a0eba",
  "name": "4536f0ee-20e8-4aa2-9fa0-1630516a794fuser",
  "email": "71ea0b67-a38b-41d3-ba09-b785dabce629@academy-airlines.com",
  "is_admin": false
}

23:37:49.533 [main]  DEBUG c.intuit.karate.core.ScenarioEngine - over-writing existing variable 'payload' with new value: read("payloadUsuario.json")
23:37:49.539 [main]  DEBUG com.intuit.karate - request:
1 > POST https://lista-compras-api.herokuapp.com/api/v1/auth/login
1 > Content-Type: application/x-www-form-urlencoded
1 > Content-Length: 65
1 > Host: lista-compras-api.herokuapp.com
1 > Connection: Keep-Alive
1 > User-Agent: Apache-HttpClient/4.5.13 (Java/18)
1 > Accept-Encoding: gzip,deflate
email=71ea0b67-a38b-41d3-ba09-b785dabce629%40academy-airlines.com

23:37:50.483 [main]  DEBUG com.intuit.karate - response time in milliseconds: 943
1 < 400
1 < Server: Cowboy
1 < Connection: keep-alive
1 < X-Powered-By: Express
1 < Access-Control-Allow-Origin: *
1 < Content-Type: application/json; charset=utf-8
1 < Content-Length: 24
1 < Etag: W/"18-928jOLijreS3ro9mYfVt0IU4k/0"
1 < Date: Tue, 24 May 2022 02:37:51 GMT
1 < Via: 1.1 vegur
{
  "error": "Bad request."
}

23:37:50.495 [main]  INFO  c.intuit.karate.core.FeatureRuntime - hook.feature - call by tag at line 4: criarUsuario
23:37:50.506 [main]  DEBUG com.intuit.karate - request:
1 > POST https://lista-compras-api.herokuapp.com/api/v1/users
1 > Content-Type: application/json; charset=UTF-8
1 > Content-Length: 153
1 > Host: lista-compras-api.herokuapp.com
1 > Connection: Keep-Alive
1 > User-Agent: Apache-HttpClient/4.5.13 (Java/18)
1 > Accept-Encoding: gzip,deflate
{
  "name": "d6289afe-e9ac-4759-9153-3539de345737user",
  "email": "103a6922-26e7-4cb5-920b-aee8ce8d23e9@academy-airlines.com",
  "password": "1653359870501academy"
}


23:37:51.334 [main]  DEBUG com.intuit.karate - response time in milliseconds: 828
1 < 201
1 < Server: Cowboy
1 < Connection: keep-alive
1 < X-Powered-By: Express
1 < Access-Control-Allow-Origin: *
1 < Content-Type: application/json; charset=utf-8
1 < Content-Length: 180
1 < Etag: W/"b4-znmhEVyaF4pTgF5HG88ZyGKEcAQ"
1 < Date: Tue, 24 May 2022 02:37:52 GMT
1 < Via: 1.1 vegur
{
  "id": "13ac366f-72aa-4189-862e-52294504f00d",
  "name": "d6289afe-e9ac-4759-9153-3539de345737user",
  "email": "103a6922-26e7-4cb5-920b-aee8ce8d23e9@academy-airlines.com",
  "is_admin": false
}

23:37:51.340 [main]  DEBUG c.intuit.karate.core.ScenarioEngine - over-writing existing variable 'payload' with new value: read("payloadUsuario.json")
23:37:51.350 [main]  DEBUG com.intuit.karate - request:
1 > POST https://lista-compras-api.herokuapp.com/api/v1/auth/login
1 > Content-Type: application/x-www-form-urlencoded
1 > Content-Length: 29
1 > Host: lista-compras-api.herokuapp.com
1 > Connection: Keep-Alive
1 > User-Agent: Apache-HttpClient/4.5.13 (Java/18)
1 > Accept-Encoding: gzip,deflate
password=1653359870501academy

23:37:52.334 [main]  DEBUG com.intuit.karate - response time in milliseconds: 983
1 < 400
1 < Server: Cowboy
1 < Connection: keep-alive
1 < X-Powered-By: Express
1 < Access-Control-Allow-Origin: *
1 < Content-Type: application/json; charset=utf-8
1 < Content-Length: 24
1 < Etag: W/"18-928jOLijreS3ro9mYfVt0IU4k/0"
1 < Date: Tue, 24 May 2022 02:37:53 GMT
1 < Via: 1.1 vegur
{
  "error": "Bad request."
}

23:37:52.345 [main]  INFO  c.intuit.karate.core.FeatureRuntime - hook.feature - call by tag at line 4: criarUsuario
23:37:52.360 [main]  DEBUG com.intuit.karate - request:
1 > POST https://lista-compras-api.herokuapp.com/api/v1/users
1 > Content-Type: application/json; charset=UTF-8
1 > Content-Length: 153
1 > Host: lista-compras-api.herokuapp.com
1 > Connection: Keep-Alive
1 > User-Agent: Apache-HttpClient/4.5.13 (Java/18)
1 > Accept-Encoding: gzip,deflate
{
  "name": "ac55d249-7eca-4370-9889-15d2c3c3ac73user",
  "email": "d0239f2e-7b38-4eb3-afa3-75aebaf2f6d0@academy-airlines.com",
  "password": "1653359872354academy"
}


23:37:53.176 [main]  DEBUG com.intuit.karate - response time in milliseconds: 816
1 < 201
1 < Server: Cowboy
1 < Connection: keep-alive
1 < X-Powered-By: Express
1 < Access-Control-Allow-Origin: *
1 < Content-Type: application/json; charset=utf-8
1 < Content-Length: 180
1 < Etag: W/"b4-35CB5463l5gzcv4IbqaTsljcuzs"
1 < Date: Tue, 24 May 2022 02:37:54 GMT
1 < Via: 1.1 vegur
{
  "id": "08340ac7-42e3-42ef-8311-f776d1769fee",
  "name": "ac55d249-7eca-4370-9889-15d2c3c3ac73user",
  "email": "d0239f2e-7b38-4eb3-afa3-75aebaf2f6d0@academy-airlines.com",
  "is_admin": false
}

23:37:53.179 [main]  DEBUG c.intuit.karate.core.ScenarioEngine - over-writing existing variable 'payload' with new value: read("payloadUsuario.json")
23:37:53.184 [main]  DEBUG com.intuit.karate - request:
1 > POST https://lista-compras-api.herokuapp.com/api/v1/auth/login
1 > Content-Type: application/x-www-form-urlencoded
1 > Content-Length: 95
1 > Host: lista-compras-api.herokuapp.com
1 > Connection: Keep-Alive
1 > User-Agent: Apache-HttpClient/4.5.13 (Java/18)
1 > Accept-Encoding: gzip,deflate
email=d0239f2e-7b38-4eb3-afa3-75aebaf2f6d0%40academy-airlines.com&password=senhaAcademyAirlines

23:37:54.245 [main]  DEBUG com.intuit.karate - response time in milliseconds: 1060
1 < 403
1 < Server: Cowboy
1 < Connection: keep-alive
1 < X-Powered-By: Express
1 < Access-Control-Allow-Origin: *
1 < Content-Type: application/json; charset=utf-8
1 < Content-Length: 38
1 < Etag: W/"26-OTedR/Wkwi+zPuUf9q69rS6nVdY"
1 < Date: Tue, 24 May 2022 02:37:55 GMT
1 < Via: 1.1 vegur
{
  "error": "Invalid email or password."
}

23:37:54.256 [main]  INFO  c.intuit.karate.core.FeatureRuntime - hook.feature - call by tag at line 4: criarUsuario
23:37:54.265 [main]  DEBUG com.intuit.karate - request:
1 > POST https://lista-compras-api.herokuapp.com/api/v1/users
1 > Content-Type: application/json; charset=UTF-8
1 > Content-Length: 153
1 > Host: lista-compras-api.herokuapp.com
1 > Connection: Keep-Alive
1 > User-Agent: Apache-HttpClient/4.5.13 (Java/18)
1 > Accept-Encoding: gzip,deflate
{
  "name": "6aa61af4-695f-473d-aea6-b1e9701e56d9user",
  "email": "184cd04c-c540-499b-beac-d0ff875b7999@academy-airlines.com",
  "password": "1653359874260academy"
}


23:37:55.104 [main]  DEBUG com.intuit.karate - response time in milliseconds: 839
1 < 201
1 < Server: Cowboy
1 < Connection: keep-alive
1 < X-Powered-By: Express
1 < Access-Control-Allow-Origin: *
1 < Content-Type: application/json; charset=utf-8
1 < Content-Length: 180
1 < Etag: W/"b4-g+LvW0fDgRiC6CZhEjBMgxf5FjQ"
1 < Date: Tue, 24 May 2022 02:37:55 GMT
1 < Via: 1.1 vegur
{
  "id": "78413c50-5f33-4864-9605-f82d87a291df",
  "name": "6aa61af4-695f-473d-aea6-b1e9701e56d9user",
  "email": "184cd04c-c540-499b-beac-d0ff875b7999@academy-airlines.com",
  "is_admin": false
}

23:37:55.106 [main]  DEBUG c.intuit.karate.core.ScenarioEngine - over-writing existing variable 'payload' with new value: read("payloadUsuario.json")
23:37:55.110 [main]  DEBUG com.intuit.karate - request:
1 > POST https://lista-compras-api.herokuapp.com/api/v1/auth/login
1 > Content-Type: application/x-www-form-urlencoded
1 > Content-Length: 72
1 > Host: lista-compras-api.herokuapp.com
1 > Connection: Keep-Alive
1 > User-Agent: Apache-HttpClient/4.5.13 (Java/18)
1 > Accept-Encoding: gzip,deflate
email=emailDoUsuario%40AcademyAirlines.com&password=1653359874260academy

23:37:56.107 [main]  DEBUG com.intuit.karate - response time in milliseconds: 997
1 < 403
1 < Server: Cowboy
1 < Connection: keep-alive
1 < X-Powered-By: Express
1 < Access-Control-Allow-Origin: *
1 < Content-Type: application/json; charset=utf-8
1 < Content-Length: 38
1 < Etag: W/"26-OTedR/Wkwi+zPuUf9q69rS6nVdY"
1 < Date: Tue, 24 May 2022 02:37:56 GMT
1 < Via: 1.1 vegur
{
  "error": "Invalid email or password."
}

23:37:56.964 [main]  INFO  com.intuit.karate.Suite - <<pass>> feature 1 of 1 (0 remaining) login.feature
